21:57:13 **** Incremental Build of configuration Debug for project PubSubTreeModel ****
make all 
Building file: ../main.cpp
Invoking: GCC C++ Compiler
g++ -O0 -g3 -Wall -c -fmessage-length=0 -MMD -MP -MF"main.d" -MT"main.o" -o "main.o" "../main.cpp"
../main.cpp: In function ‘int main(int, char**)’:
../main.cpp:127:29: warning: comparison between signed and unsigned integer expressions [-Wsign-compare]
       for (int idx = 0; idx < vector_root.size(); idx++) {
                         ~~~~^~~~~~~~~~~~~~~~~~~~
../main.cpp:135:28: warning: comparison between signed and unsigned integer expressions [-Wsign-compare]
      for (int idx = 0; idx < vector_root.size(); idx++)
                        ~~~~^~~~~~~~~~~~~~~~~~~~
../main.cpp: In function ‘void printTree(Subscriber*)’:
../main.cpp:147:24: warning: comparison between signed and unsigned integer expressions [-Wsign-compare]
  for (int idx = 0; idx < sub->getSubscription().size(); idx++)
                    ~~~~^~~~~~~~~~~~~~~~~~~~~~~~~~~~~~~
../main.cpp: In function ‘std::vector<std::__cxx11::basic_string<char> > returnAttr(std::__cxx11::string)’:
../main.cpp:161:15: warning: ‘Json::Reader::Reader()’ is deprecated: Use CharReader and CharReaderBuilder instead [-Wdeprecated-declarations]
  Json::Reader reader;
               ^~~~~~
In file included from ../main.cpp:19:0:
../json/json.h:1439:3: note: declared here
   Reader();
   ^~~~~~
../main.cpp:164:24: warning: comparison between signed and unsigned integer expressions [-Wsign-compare]
  for (int idx = 0; idx < attrarr.size(); idx++) {
                    ~~~~^~~~~~~~~~~~~~~~
../main.cpp: In function ‘std::__cxx11::string returnPort(int)’:
../main.cpp:173:19: warning: ‘FastWriter’ is deprecated: Use StreamWriterBuilder instead [-Wdeprecated-declarations]
  Json::FastWriter writer;
                   ^~~~~~
In file included from ../main.cpp:19:0:
../json/json.h:1985:70: note: declared here
 class JSONCPP_DEPRECATED("Use StreamWriterBuilder instead") JSON_API FastWriter
                                                                      ^~~~~~~~~~
../main.cpp: In function ‘int returnPort(std::__cxx11::string)’:
../main.cpp:181:15: warning: ‘Json::Reader::Reader()’ is deprecated: Use CharReader and CharReaderBuilder instead [-Wdeprecated-declarations]
  Json::Reader reader;
               ^~~~~~
In file included from ../main.cpp:19:0:
../json/json.h:1439:3: note: declared here
   Reader();
   ^~~~~~
../main.cpp: In function ‘std::__cxx11::string returnType(std::__cxx11::string)’:
../main.cpp:191:15: warning: ‘Json::Reader::Reader()’ is deprecated: Use CharReader and CharReaderBuilder instead [-Wdeprecated-declarations]
  Json::Reader reader;
               ^~~~~~
In file included from ../main.cpp:19:0:
../json/json.h:1439:3: note: declared here
   Reader();
   ^~~~~~
../main.cpp: In function ‘void updateTree(Subscriber*)’:
../main.cpp:199:24: warning: comparison between signed and unsigned integer expressions [-Wsign-compare]
  for (int idx = 0; idx < vector_root.size(); idx++) {
                    ~~~~^~~~~~~~~~~~~~~~~~~~
../main.cpp:208:24: warning: comparison between signed and unsigned integer expressions [-Wsign-compare]
  for (int idx = 0; idx < vector_root.size(); idx++) {
                    ~~~~^~~~~~~~~~~~~~~~~~~~
../main.cpp: In function ‘bool isSubset(std::vector<std::__cxx11::basic_string<char> >, std::vector<std::__cxx11::basic_string<char> >)’:
../main.cpp:255:24: warning: comparison between signed and unsigned integer expressions [-Wsign-compare]
  for (int cdx = 0; cdx < childv.size(); cdx++) {
                    ~~~~^~~~~~~~~~~~~~~
../main.cpp: In function ‘void sendInfo(Subscriber*)’:
../main.cpp:278:19: warning: ‘FastWriter’ is deprecated: Use StreamWriterBuilder instead [-Wdeprecated-declarations]
  Json::FastWriter writer;
                   ^~~~~~
In file included from ../main.cpp:19:0:
../json/json.h:1985:70: note: declared here
 class JSONCPP_DEPRECATED("Use StreamWriterBuilder instead") JSON_API FastWriter
                                                                      ^~~~~~~~~~
../main.cpp: In function ‘void sendRootInfo(int)’:
../main.cpp:293:19: warning: ‘FastWriter’ is deprecated: Use StreamWriterBuilder instead [-Wdeprecated-declarations]
  Json::FastWriter writer;
                   ^~~~~~
In file included from ../main.cpp:19:0:
../json/json.h:1985:70: note: declared here
 class JSONCPP_DEPRECATED("Use StreamWriterBuilder instead") JSON_API FastWriter
                                                                      ^~~~~~~~~~
../main.cpp:295:24: warning: comparison between signed and unsigned integer expressions [-Wsign-compare]
  for (int idx = 0; idx < vector_root.size(); idx++) {
                    ~~~~^~~~~~~~~~~~~~~~~~~~
Finished building: ../main.cpp
 
Building target: PubSubTreeModel
Invoking: GCC C++ Linker
g++  -o "PubSubTreeModel"  ./Publisher.o ./Subscriber.o ./jsoncpp.o ./main.o   
Finished building target: PubSubTreeModel
 

21:57:14 Build Finished. 0 errors, 14 warnings. (took 913ms)

